WARNING: In non-interactive mode release checks e.g. deprecated releases, production architectures are disabled.
Using grid catalog type: UNKNOWN
Using grid catalog : (null)
VO name: cms
Checksum type: None
Trying SURL srm://cmssrm2.hep.wisc.edu:8443/srm/v2/server?SFN=/hdfs/HighReplicaCondorUserFiles//nfs_scratch/tperry/Bastille_wbb-W1Jet_EESUp_callHistoFiller/user_code.tgz ...
Source SE type: SRMv2
Source SRM Request Token: get:331088
Source URL: srm://cmssrm2.hep.wisc.edu:8443/srm/v2/server?SFN=/hdfs/HighReplicaCondorUserFiles//nfs_scratch/tperry/Bastille_wbb-W1Jet_EESUp_callHistoFiller/user_code.tgz
File size: 69521204
Source URL for copy: gsiftp://g14n26.hep.wisc.edu//hdfs/HighReplicaCondorUserFiles/nfs_scratch/tperry/Bastille_wbb-W1Jet_EESUp_callHistoFiller/user_code.tgz
Destination URL: file:/var/condor/execute/dir_34236/user_code.tgz
# streams: 1
            0 bytes      0.00 KB/sec avg      0.00 KB/sec inst
            0 bytes      0.00 KB/sec avg      0.00 KB/sec inst
            0 bytes      0.00 KB/sec avg      0.00 KB/sec inst
            0 bytes      0.00 KB/sec avg      0.00 KB/sec inst
            0 bytes      0.00 KB/sec avg      0.00 KB/sec inst

Transfer took 4010 ms
Info in <TUnixSystem::ACLiC>: creating shared library /var/condor/execute/dir_34236/./histoFiller_C.so
In file included from /var/condor/execute/dir_34236/./histoFiller.C:2:0,
                 from /var/condor/execute/dir_34236/histoFiller_C_ACLiC_dict.h:34,
                 from /var/condor/execute/dir_34236/histoFiller_C_ACLiC_dict.cxx:17:
/var/condor/execute/dir_34236/./histoFiller.h:1881:8: warning: unused parameter 'lep_pt' [-Wunused-parameter]
/var/condor/execute/dir_34236/./histoFiller.h:1881:8: warning: unused parameter 'lep_eta' [-Wunused-parameter]
/var/condor/execute/dir_34236/./histoFiller.h:1881:8: warning: unused parameter 'lep_phi' [-Wunused-parameter]
/var/condor/execute/dir_34236/./histoFiller.h:1881:8: warning: unused parameter 'lep_mass' [-Wunused-parameter]
/var/condor/execute/dir_34236/./histoFiller.h:1881:8: warning: unused parameter 'dilep_pt' [-Wunused-parameter]
/var/condor/execute/dir_34236/./histoFiller.h:1881:8: warning: unused parameter 'dilep_eta' [-Wunused-parameter]
/var/condor/execute/dir_34236/./histoFiller.h:1881:8: warning: unused parameter 'dilep_phi' [-Wunused-parameter]
/var/condor/execute/dir_34236/./histoFiller.h:1881:8: warning: unused parameter 'dilep_mass' [-Wunused-parameter]
Error in <TChain::AddFile>: No file name; no files connected
150808 18:12:56 001 Xrd: GoToAnotherServer: Going to: g26n17.hep.wisc.edu:31094
Warning in <TVector3::PseudoRapidity>: transvers momentum = 0! return +/- 10e10
150808 18:13:59 001 Xrd: GoToAnotherServer: Going to: g26n14.hep.wisc.edu:31094
150808 18:14:57 001 Xrd: GoToAnotherServer: Going to: g18n25.hep.wisc.edu:31094
150808 18:16:38 001 Xrd: GoToAnotherServer: Going to: g24n07.hep.wisc.edu:31094
150808 18:18:15 001 Xrd: GoToAnotherServer: Going to: g23n13.hep.wisc.edu:31094
150808 18:19:27 35351 Xrd: XrdClientMessage::ReadRaw: Failed to read header (8 bytes).
150808 18:19:43 35351 Xrd: XrdClientMessage::ReadRaw: Failed to read header (8 bytes).
150808 18:19:43 001 Xrd: GoToAnotherServer: Going to: g19n07.hep.wisc.edu:31094
150808 18:20:26 35351 Xrd: XrdClientMessage::ReadRaw: Failed to read header (8 bytes).
150808 18:20:50 001 Xrd: GoToAnotherServer: Going to: g14n21.hep.wisc.edu:31094
150808 18:21:39 001 Xrd: GoToAnotherServer: Going to: g18n32.hep.wisc.edu:31094
150808 18:21:40 35351 Xrd: XrdClientMessage::ReadRaw: Failed to read header (8 bytes).
150808 18:22:57 001 Xrd: GoToAnotherServer: Going to: g26n26.hep.wisc.edu:31094
150808 18:23:27 35351 Xrd: XrdClientMessage::ReadRaw: Failed to read header (8 bytes).
150808 18:24:00 001 Xrd: GoToAnotherServer: Going to: s15n05.hep.wisc.edu:31094
150808 18:24:00 001 Xrd: GoToAnotherServer: Going to: g27n29.hep.wisc.edu:31094
150808 18:24:55 001 Xrd: GoToAnotherServer: Going to: g19n09.hep.wisc.edu:31094
150808 18:24:56 35351 Xrd: XrdClientMessage::ReadRaw: Failed to read header (8 bytes).
150808 18:25:56 35351 Xrd: XrdClientMessage::ReadRaw: Failed to read header (8 bytes).
150808 18:26:06 001 Xrd: GoToAnotherServer: Going to: g19n09.hep.wisc.edu:31094
150808 18:26:57 35351 Xrd: XrdClientMessage::ReadRaw: Failed to read header (8 bytes).
Warning in <TVector3::PseudoRapidity>: transvers momentum = 0! return +/- 10e10
150808 18:27:42 001 Xrd: GoToAnotherServer: Going to: g26n24.hep.wisc.edu:31094
150808 18:28:26 35351 Xrd: XrdClientMessage::ReadRaw: Failed to read header (8 bytes).
150808 18:28:34 001 Xrd: GoToAnotherServer: Going to: g26n23.hep.wisc.edu:31094
150808 18:29:27 35351 Xrd: XrdClientMessage::ReadRaw: Failed to read header (8 bytes).
150808 18:29:28 001 Xrd: GoToAnotherServer: Going to: g27n25.hep.wisc.edu:31094
Warning in <TVector3::PseudoRapidity>: transvers momentum = 0! return +/- 10e10
150808 18:29:56 35351 Xrd: XrdClientMessage::ReadRaw: Failed to read header (8 bytes).
150808 18:30:15 001 Xrd: GoToAnotherServer: Going to: g19n08.hep.wisc.edu:31094
150808 18:31:14 001 Xrd: GoToAnotherServer: Going to: g26n19.hep.wisc.edu:31094
150808 18:32:20 001 Xrd: GoToAnotherServer: Going to: g18n22.hep.wisc.edu:31094
150808 18:32:57 35351 Xrd: XrdClientMessage::ReadRaw: Failed to read header (8 bytes).
150808 18:33:46 001 Xrd: GoToAnotherServer: Going to: g18n08.hep.wisc.edu:31094
150808 18:33:47 35351 Xrd: XrdClientMessage::ReadRaw: Failed to read header (8 bytes).
150808 18:34:56 35351 Xrd: XrdClientMessage::ReadRaw: Failed to read header (8 bytes).
150808 18:35:26 35351 Xrd: XrdClientMessage::ReadRaw: Failed to read header (8 bytes).
150808 18:36:27 35351 Xrd: XrdClientMessage::ReadRaw: Failed to read header (8 bytes).
150808 18:36:33 001 Xrd: GoToAnotherServer: Going to: g18n04.hep.wisc.edu:31094
150808 18:37:27 35351 Xrd: XrdClientMessage::ReadRaw: Failed to read header (8 bytes).
150808 18:37:33 001 Xrd: GoToAnotherServer: Going to: g24n07.hep.wisc.edu:31094
150808 18:37:33 001 Xrd: CheckErrorStatus: Server [cmsxrootd.hep.wisc.edu:1094] declared: session not found(error code: 3011)
150808 18:38:43 001 Xrd: GoToAnotherServer: Going to: g18n32.hep.wisc.edu:31094
150808 18:38:43 001 Xrd: CheckErrorStatus: Server [144.92.181.17:1094] declared: session not found(error code: 3011)
150808 18:38:56 35351 Xrd: XrdClientMessage::ReadRaw: Failed to read header (8 bytes).
150808 18:39:47 001 Xrd: GoToAnotherServer: Going to: g19n28.hep.wisc.edu:31094
150808 18:40:33 001 Xrd: GoToAnotherServer: Going to: g27n19.hep.wisc.edu:31094
150808 18:41:23 001 Xrd: GoToAnotherServer: Going to: g26n30.hep.wisc.edu:31094
150808 18:41:56 35351 Xrd: XrdClientMessage::ReadRaw: Failed to read header (8 bytes).
Warning in <TVector3::PseudoRapidity>: transvers momentum = 0! return +/- 10e10
150808 18:42:57 35351 Xrd: XrdClientMessage::ReadRaw: Failed to read header (8 bytes).
150808 18:42:59 001 Xrd: GoToAnotherServer: Going to: s15n08.hep.wisc.edu:31094
150808 18:42:59 001 Xrd: GoToAnotherServer: Going to: g27n12.hep.wisc.edu:31094
150808 18:43:48 001 Xrd: GoToAnotherServer: Going to: g26n17.hep.wisc.edu:31094
150808 18:43:48 001 Xrd: CheckErrorStatus: Server [cmsxrootd.hep.wisc.edu:1094] declared: session not found(error code: 3011)
150808 18:43:48 35351 Xrd: XrdClientMessage::ReadRaw: Failed to read header (8 bytes).
150808 18:44:27 35351 Xrd: XrdClientMessage::ReadRaw: Failed to read header (8 bytes).
150808 18:44:52 001 Xrd: GoToAnotherServer: Going to: g19n15.hep.wisc.edu:31094
150808 18:44:53 35351 Xrd: XrdClientMessage::ReadRaw: Failed to read header (8 bytes).
150808 18:45:54 001 Xrd: GoToAnotherServer: Going to: g19n09.hep.wisc.edu:31094
150808 18:45:54 001 Xrd: CheckErrorStatus: Server [cmsxrootd.hep.wisc.edu:1094] declared: session not found(error code: 3011)
150808 18:45:55 35351 Xrd: XrdClientMessage::ReadRaw: Failed to read header (8 bytes).
150808 18:46:26 35351 Xrd: XrdClientMessage::ReadRaw: Failed to read header (8 bytes).
Warning in <TVector3::PseudoRapidity>: transvers momentum = 0! return +/- 10e10
150808 18:46:54 001 Xrd: GoToAnotherServer: Going to: g26n06.hep.wisc.edu:31094
150808 18:48:00 001 Xrd: GoToAnotherServer: Going to: s15n05.hep.wisc.edu:31094
150808 18:48:00 001 Xrd: CheckErrorStatus: Server [cmsxrootd.hep.wisc.edu:1094] declared: session not found(error code: 3011)
150808 18:48:00 001 Xrd: GoToAnotherServer: Going to: g18n09.hep.wisc.edu:31094
150808 18:48:01 35351 Xrd: XrdClientMessage::ReadRaw: Failed to read header (8 bytes).
150808 18:48:56 35351 Xrd: XrdClientMessage::ReadRaw: Failed to read header (8 bytes).
150808 18:49:03 001 Xrd: GoToAnotherServer: Going to: g18n25.hep.wisc.edu:31094
150808 18:49:03 001 Xrd: CheckErrorStatus: Server [cmsxrootd.hep.wisc.edu:1094] declared: session not found(error code: 3011)
150808 18:49:57 35351 Xrd: XrdClientMessage::ReadRaw: Failed to read header (8 bytes).
Warning in <TVector3::PseudoRapidity>: transvers momentum = 0! return +/- 10e10
150808 18:50:18 001 Xrd: GoToAnotherServer: Going to: s15n05.hep.wisc.edu:31094
150808 18:50:18 001 Xrd: GoToAnotherServer: Going to: g23n16.hep.wisc.edu:31094
150808 18:50:57 35351 Xrd: XrdClientMessage::ReadRaw: Failed to read header (8 bytes).
150808 18:51:33 001 Xrd: GoToAnotherServer: Going to: g20n04.hep.wisc.edu:31094
150808 18:51:56 35351 Xrd: XrdClientMessage::ReadRaw: Failed to read header (8 bytes).
150808 18:52:41 001 Xrd: GoToAnotherServer: Going to: g26n14.hep.wisc.edu:31094
150808 18:52:41 001 Xrd: CheckErrorStatus: Server [cmsxrootd.hep.wisc.edu:1094] declared: session not found(error code: 3011)
150808 18:53:26 35351 Xrd: XrdClientMessage::ReadRaw: Failed to read header (8 bytes).
150808 18:54:26 35351 Xrd: XrdClientMessage::ReadRaw: Failed to read header (8 bytes).
150808 18:55:26 35351 Xrd: XrdClientMessage::ReadRaw: Failed to read header (8 bytes).
150808 18:55:33 001 Xrd: GoToAnotherServer: Going to: g26n17.hep.wisc.edu:31094
150808 18:55:33 001 Xrd: CheckErrorStatus: Server [cmsxrootd.hep.wisc.edu:1094] declared: session not found(error code: 3011)
150808 18:56:57 35351 Xrd: XrdClientMessage::ReadRaw: Failed to read header (8 bytes).
150808 18:57:01 001 Xrd: GoToAnotherServer: Going to: g26n26.hep.wisc.edu:31094
150808 18:57:01 001 Xrd: CheckErrorStatus: Server [cmsxrootd.hep.wisc.edu:1094] declared: session not found(error code: 3011)
Warning in <TVector3::PseudoRapidity>: transvers momentum = 0! return +/- 10e10
150808 18:57:57 35351 Xrd: XrdClientMessage::ReadRaw: Failed to read header (8 bytes).
150808 18:58:22 001 Xrd: GoToAnotherServer: Going to: g26n17.hep.wisc.edu:31094
150808 18:59:16 001 Xrd: GoToAnotherServer: Going to: s15n08.hep.wisc.edu:31094
150808 18:59:16 001 Xrd: GoToAnotherServer: Going to: g27n12.hep.wisc.edu:31094
150808 18:59:16 001 Xrd: CheckErrorStatus: Server [s15n08.hep.wisc.edu:31094] declared: session not found(error code: 3011)
150808 18:59:56 001 Xrd: GoToAnotherServer: Going to: s15n09.hep.wisc.edu:31094
150808 18:59:56 001 Xrd: GoToAnotherServer: Going to: g12n05.hep.wisc.edu:31094
150808 19:00:36 001 Xrd: GoToAnotherServer: Going to: g27n13.hep.wisc.edu:31094
150808 19:00:37 001 Xrd: GoToAnotherServer: Going to: g26n26.hep.wisc.edu:31094
150808 19:00:37 001 Xrd: GoToAnotherServer: Going to: g19n07.hep.wisc.edu:31094
150808 19:00:37 001 Xrd: CheckErrorStatus: Server [144.92.181.17:1094] declared: session not found(error code: 3011)
150808 19:00:37 001 Xrd: GoToAnotherServer: Going to: g26n18.hep.wisc.edu:31094
150808 19:00:37 001 Xrd: GoToAnotherServer: Going to: g27n19.hep.wisc.edu:31094
150808 19:00:37 001 Xrd: CheckErrorStatus: Server [cmsxrootd.hep.wisc.edu:1094] declared: session not found(error code: 3011)
150808 19:00:37 001 Xrd: GoToAnotherServer: Going to: g26n06.hep.wisc.edu:31094
150808 19:00:37 001 Xrd: CheckErrorStatus: Server [144.92.181.17:1094] declared: session not found(error code: 3011)
150808 19:00:37 001 Xrd: GoToAnotherServer: Going to: g23n03.hep.wisc.edu:31094
150808 19:00:37 001 Xrd: GoToAnotherServer: Going to: g19n28.hep.wisc.edu:31094
150808 19:00:37 001 Xrd: CheckErrorStatus: Server [cmsxrootd.hep.wisc.edu:1094] declared: session not found(error code: 3011)
150808 19:00:37 001 Xrd: GoToAnotherServer: Going to: g26n03.hep.wisc.edu:31094
150808 19:00:38 001 Xrd: GoToAnotherServer: Going to: g18n08.hep.wisc.edu:31094
150808 19:00:38 001 Xrd: CheckErrorStatus: Server [cmsxrootd.hep.wisc.edu:1094] declared: session not found(error code: 3011)
150808 19:00:38 001 Xrd: GoToAnotherServer: Going to: g18n32.hep.wisc.edu:31094
150808 19:00:38 001 Xrd: CheckErrorStatus: Server [cmsxrootd.hep.wisc.edu:1094] declared: session not found(error code: 3011)
150808 19:00:38 001 Xrd: GoToAnotherServer: Going to: g26n24.hep.wisc.edu:31094
150808 19:00:38 001 Xrd: CheckErrorStatus: Server [cmsxrootd.hep.wisc.edu:1094] declared: session not found(error code: 3011)
150808 19:00:38 001 Xrd: GoToAnotherServer: Going to: g25n01.hep.wisc.edu:31094
150808 19:00:38 001 Xrd: GoToAnotherServer: Going to: g19n15.hep.wisc.edu:31094
150808 19:00:38 001 Xrd: CheckErrorStatus: Server [cmsxrootd.hep.wisc.edu:1094] declared: session not found(error code: 3011)
150808 19:00:38 001 Xrd: GoToAnotherServer: Going to: g26n14.hep.wisc.edu:31094
150808 19:00:38 001 Xrd: CheckErrorStatus: Server [cmsxrootd.hep.wisc.edu:1094] declared: session not found(error code: 3011)
150808 19:00:38 001 Xrd: GoToAnotherServer: Going to: g24n07.hep.wisc.edu:31094
150808 19:00:38 001 Xrd: CheckErrorStatus: Server [144.92.181.17:1094] declared: session not found(error code: 3011)
150808 19:00:38 001 Xrd: GoToAnotherServer: Going to: g26n07.hep.wisc.edu:31094
150808 19:00:39 001 Xrd: GoToAnotherServer: Going to: s15n06.hep.wisc.edu:31094
150808 19:00:39 001 Xrd: GoToAnotherServer: Going to: g19n25.hep.wisc.edu:31094
150808 19:00:39 001 Xrd: GoToAnotherServer: Going to: s15n09.hep.wisc.edu:31094
150808 19:00:39 001 Xrd: GoToAnotherServer: Going to: g12n05.hep.wisc.edu:31094
150808 19:00:39 001 Xrd: GoToAnotherServer: Going to: s15n10.hep.wisc.edu:31094
150808 19:00:39 001 Xrd: GoToAnotherServer: Going to: g14n17.hep.wisc.edu:31094
150808 19:00:39 001 Xrd: GoToAnotherServer: Going to: s15n05.hep.wisc.edu:31094
150808 19:00:39 001 Xrd: GoToAnotherServer: Going to: g24n08.hep.wisc.edu:31094
150808 19:00:39 001 Xrd: GoToAnotherServer: Going to: g27n08.hep.wisc.edu:31094
150808 19:00:39 001 Xrd: GoToAnotherServer: Going to: g27n25.hep.wisc.edu:31094
150808 19:00:39 001 Xrd: CheckErrorStatus: Server [cmsxrootd.hep.wisc.edu:1094] declared: session not found(error code: 3011)
150808 19:00:39 001 Xrd: GoToAnotherServer: Going to: g19n11.hep.wisc.edu:31094
150808 19:00:39 001 Xrd: GoToAnotherServer: Going to: g26n17.hep.wisc.edu:31094
150808 19:00:39 001 Xrd: GoToAnotherServer: Going to: g18n02.hep.wisc.edu:31094
150808 19:00:40 001 Xrd: GoToAnotherServer: Going to: g23n03.hep.wisc.edu:31094
150808 19:00:40 001 Xrd: GoToAnotherServer: Going to: g23n04.hep.wisc.edu:31094
150808 19:00:40 001 Xrd: GoToAnotherServer: Going to: g27n05.hep.wisc.edu:31094
150808 19:00:40 001 Xrd: GoToAnotherServer: Going to: g18n23.hep.wisc.edu:31094
150808 19:00:40 001 Xrd: GoToAnotherServer: Going to: g18n32.hep.wisc.edu:31094
150808 19:00:40 001 Xrd: GoToAnotherServer: Going to: g19n09.hep.wisc.edu:31094
150808 19:00:40 001 Xrd: CheckErrorStatus: Server [cmsxrootd.hep.wisc.edu:1094] declared: session not found(error code: 3011)
150808 19:00:40 001 Xrd: GoToAnotherServer: Going to: g18n25.hep.wisc.edu:31094
150808 19:00:40 001 Xrd: CheckErrorStatus: Server [cmsxrootd.hep.wisc.edu:1094] declared: session not found(error code: 3011)
150808 19:00:40 001 Xrd: GoToAnotherServer: Going to: g26n25.hep.wisc.edu:31094
150808 19:00:41 001 Xrd: GoToAnotherServer: Going to: g26n24.hep.wisc.edu:31094
150808 19:00:41 001 Xrd: GoToAnotherServer: Going to: g27n07.hep.wisc.edu:31094
150808 19:00:41 001 Xrd: GoToAnotherServer: Going to: g26n28.hep.wisc.edu:31094
150808 19:00:41 001 Xrd: GoToAnotherServer: Going to: g27n15.hep.wisc.edu:31094
terminate called after throwing an instance of 'St9bad_alloc'
  what():  std::bad_alloc
