WARNING: In non-interactive mode release checks e.g. deprecated releases, production architectures are disabled.
Using grid catalog type: UNKNOWN
Using grid catalog : (null)
VO name: cms
Checksum type: None
Trying SURL srm://cmssrm2.hep.wisc.edu:8443/srm/v2/server?SFN=/hdfs/HighReplicaCondorUserFiles//nfs_scratch/tperry/Bastille_wbb-W2Jet_EESDown_callHistoFiller/user_code.tgz ...
Source SE type: SRMv2
Source SRM Request Token: get:331092
Source URL: srm://cmssrm2.hep.wisc.edu:8443/srm/v2/server?SFN=/hdfs/HighReplicaCondorUserFiles//nfs_scratch/tperry/Bastille_wbb-W2Jet_EESDown_callHistoFiller/user_code.tgz
File size: 69521204
Source URL for copy: gsiftp://g14n31.hep.wisc.edu//hdfs/HighReplicaCondorUserFiles/nfs_scratch/tperry/Bastille_wbb-W2Jet_EESDown_callHistoFiller/user_code.tgz
Destination URL: file:/var/condor/execute/dir_1736/user_code.tgz
# streams: 1
            0 bytes      0.00 KB/sec avg      0.00 KB/sec inst
            0 bytes      0.00 KB/sec avg      0.00 KB/sec inst
            0 bytes      0.00 KB/sec avg      0.00 KB/sec inst
            0 bytes      0.00 KB/sec avg      0.00 KB/sec inst
      8388608 bytes   2047.95 KB/sec avg   4097.78 KB/sec inst
      8388608 bytes   2047.95 KB/sec avg   4097.78 KB/sec inst
     29360128 bytes   4778.59 KB/sec avg  10239.99 KB/sec inst
     29360128 bytes   4778.59 KB/sec avg  10239.99 KB/sec inst
     51380224 bytes   6271.90 KB/sec avg  10751.83 KB/sec inst
     51380224 bytes   6271.90 KB/sec avg  10751.83 KB/sec inst
     51380224 bytes   6271.90 KB/sec avg  10751.83 KB/sec inst

Transfer took 10110 ms
Info in <TUnixSystem::ACLiC>: creating shared library /var/condor/execute/dir_1736/./histoFiller_C.so
In file included from /var/condor/execute/dir_1736/./histoFiller.C:2:0,
                 from /var/condor/execute/dir_1736/histoFiller_C_ACLiC_dict.h:34,
                 from /var/condor/execute/dir_1736/histoFiller_C_ACLiC_dict.cxx:17:
/var/condor/execute/dir_1736/./histoFiller.h:1881:8: warning: unused parameter 'lep_pt' [-Wunused-parameter]
/var/condor/execute/dir_1736/./histoFiller.h:1881:8: warning: unused parameter 'lep_eta' [-Wunused-parameter]
/var/condor/execute/dir_1736/./histoFiller.h:1881:8: warning: unused parameter 'lep_phi' [-Wunused-parameter]
/var/condor/execute/dir_1736/./histoFiller.h:1881:8: warning: unused parameter 'lep_mass' [-Wunused-parameter]
/var/condor/execute/dir_1736/./histoFiller.h:1881:8: warning: unused parameter 'dilep_pt' [-Wunused-parameter]
/var/condor/execute/dir_1736/./histoFiller.h:1881:8: warning: unused parameter 'dilep_eta' [-Wunused-parameter]
/var/condor/execute/dir_1736/./histoFiller.h:1881:8: warning: unused parameter 'dilep_phi' [-Wunused-parameter]
/var/condor/execute/dir_1736/./histoFiller.h:1881:8: warning: unused parameter 'dilep_mass' [-Wunused-parameter]
Error in <TChain::AddFile>: No file name; no files connected
150808 18:15:38 2904 Xrd: XrdClientMessage::ReadRaw: Failed to read header (8 bytes).
150808 18:15:38 001 Xrd: GoToAnotherServer: Going to: g14n21.hep.wisc.edu:31094
150808 18:16:39 001 Xrd: GoToAnotherServer: Going to: g26n07.hep.wisc.edu:31094
Warning in <TVector3::PseudoRapidity>: transvers momentum = 0! return +/- 10e10
150808 18:18:16 001 Xrd: GoToAnotherServer: Going to: g19n24.hep.wisc.edu:31094
150808 18:20:36 001 Xrd: GoToAnotherServer: Going to: g26n19.hep.wisc.edu:31094
Warning in <TVector3::PseudoRapidity>: transvers momentum = 0! return +/- 10e10
Warning in <TVector3::PseudoRapidity>: transvers momentum = 0! return +/- 10e10
Warning in <TVector3::PseudoRapidity>: transvers momentum = 0! return +/- 10e10
150808 18:22:04 2904 Xrd: XrdClientMessage::ReadRaw: Failed to read header (8 bytes).
150808 18:23:02 001 Xrd: GoToAnotherServer: Going to: g26n23.hep.wisc.edu:31094
Warning in <TVector3::PseudoRapidity>: transvers momentum = 0! return +/- 10e10
150808 18:23:34 2904 Xrd: XrdClientMessage::ReadRaw: Failed to read header (8 bytes).
150808 18:24:07 001 Xrd: GoToAnotherServer: Going to: g19n11.hep.wisc.edu:31094
150808 18:25:14 001 Xrd: GoToAnotherServer: Going to: g27n15.hep.wisc.edu:31094
150808 18:26:04 2904 Xrd: XrdClientMessage::ReadRaw: Failed to read header (8 bytes).
150808 18:26:26 001 Xrd: GoToAnotherServer: Going to: g18n13.hep.wisc.edu:31094
150808 18:27:32 001 Xrd: GoToAnotherServer: Going to: g18n26.hep.wisc.edu:31094
150808 18:28:04 2904 Xrd: XrdClientMessage::ReadRaw: Failed to read header (8 bytes).
150808 18:29:06 001 Xrd: GoToAnotherServer: Going to: g26n14.hep.wisc.edu:31094
Warning in <TVector3::PseudoRapidity>: transvers momentum = 0! return +/- 10e10
Warning in <TVector3::PseudoRapidity>: transvers momentum = 0! return +/- 10e10
150808 18:29:34 2904 Xrd: XrdClientMessage::ReadRaw: Failed to read header (8 bytes).
150808 18:30:23 001 Xrd: GoToAnotherServer: Going to: g18n08.hep.wisc.edu:31094
150808 18:30:24 2904 Xrd: XrdClientMessage::ReadRaw: Failed to read header (8 bytes).
150808 18:31:34 001 Xrd: GoToAnotherServer: Going to: g19n07.hep.wisc.edu:31094
150808 18:31:34 2904 Xrd: XrdClientMessage::ReadRaw: Failed to read header (8 bytes).
Warning in <TVector3::PseudoRapidity>: transvers momentum = 0! return +/- 10e10
150808 18:32:34 2904 Xrd: XrdClientMessage::ReadRaw: Failed to read header (8 bytes).
150808 18:32:59 001 Xrd: GoToAnotherServer: Going to: g27n08.hep.wisc.edu:31094
150808 18:34:06 001 Xrd: GoToAnotherServer: Going to: g19n10.hep.wisc.edu:31094
Warning in <TVector3::PseudoRapidity>: transvers momentum = 0! return +/- 10e10
150808 18:34:35 2904 Xrd: XrdClientMessage::ReadRaw: Failed to read header (8 bytes).
150808 18:35:34 2904 Xrd: XrdClientMessage::ReadRaw: Failed to read header (8 bytes).
Warning in <TVector3::PseudoRapidity>: transvers momentum = 0! return +/- 10e10
150808 18:36:09 001 Xrd: GoToAnotherServer: Going to: g18n02.hep.wisc.edu:31094
150808 18:37:04 2904 Xrd: XrdClientMessage::ReadRaw: Failed to read header (8 bytes).
150808 18:37:19 001 Xrd: GoToAnotherServer: Going to: g27n09.hep.wisc.edu:31094
Warning in <TVector3::PseudoRapidity>: transvers momentum = 0! return +/- 10e10
150808 18:38:04 2904 Xrd: XrdClientMessage::ReadRaw: Failed to read header (8 bytes).
150808 18:38:17 001 Xrd: GoToAnotherServer: Going to: g27n19.hep.wisc.edu:31094
150808 18:39:24 001 Xrd: GoToAnotherServer: Going to: g14n21.hep.wisc.edu:31094
150808 18:39:24 001 Xrd: CheckErrorStatus: Server [cmsxrootd.hep.wisc.edu:1094] declared: session not found(error code: 3011)
150808 18:39:24 2904 Xrd: XrdClientMessage::ReadRaw: Failed to read header (8 bytes).
Warning in <TVector3::PseudoRapidity>: transvers momentum = 0! return +/- 10e10
150808 18:41:34 2904 Xrd: XrdClientMessage::ReadRaw: Failed to read header (8 bytes).
150808 18:42:34 2904 Xrd: XrdClientMessage::ReadRaw: Failed to read header (8 bytes).
150808 18:43:00 001 Xrd: GoToAnotherServer: Going to: s15n02.hep.wisc.edu:31094
150808 18:43:00 001 Xrd: GoToAnotherServer: Going to: g14n06.hep.wisc.edu:31094
Warning in <TVector3::PseudoRapidity>: transvers momentum = 0! return +/- 10e10
Warning in <TVector3::PseudoRapidity>: transvers momentum = 0! return +/- 10e10
150808 18:43:34 2904 Xrd: XrdClientMessage::ReadRaw: Failed to read header (8 bytes).
150808 18:43:56 001 Xrd: GoToAnotherServer: Going to: g24n09.hep.wisc.edu:31094
150808 18:44:34 2904 Xrd: XrdClientMessage::ReadRaw: Failed to read header (8 bytes).
150808 18:45:01 001 Xrd: GoToAnotherServer: Going to: g18n12.hep.wisc.edu:31094
150808 18:46:08 001 Xrd: GoToAnotherServer: Going to: g23n12.hep.wisc.edu:31094
Warning in <TVector3::PseudoRapidity>: transvers momentum = 0! return +/- 10e10
Warning in <TVector3::PseudoRapidity>: transvers momentum = 0! return +/- 10e10
150808 18:47:08 001 Xrd: GoToAnotherServer: Going to: g26n28.hep.wisc.edu:31094
150808 18:48:04 2904 Xrd: XrdClientMessage::ReadRaw: Failed to read header (8 bytes).
Warning in <TVector3::PseudoRapidity>: transvers momentum = 0! return +/- 10e10
150808 18:49:04 001 Xrd: GoToAnotherServer: Going to: g26n25.hep.wisc.edu:31094
150808 18:49:04 2904 Xrd: XrdClientMessage::ReadRaw: Failed to read header (8 bytes).
150808 18:50:04 2904 Xrd: XrdClientMessage::ReadRaw: Failed to read header (8 bytes).
150808 18:50:24 001 Xrd: GoToAnotherServer: Going to: g27n27.hep.wisc.edu:31094
150808 18:51:34 2904 Xrd: XrdClientMessage::ReadRaw: Failed to read header (8 bytes).
150808 18:51:50 001 Xrd: GoToAnotherServer: Going to: g18n08.hep.wisc.edu:31094
150808 18:51:50 001 Xrd: CheckErrorStatus: Server [144.92.181.17:1094] declared: session not found(error code: 3011)
150808 18:52:34 2904 Xrd: XrdClientMessage::ReadRaw: Failed to read header (8 bytes).
Warning in <TVector3::PseudoRapidity>: transvers momentum = 0! return +/- 10e10
150808 18:53:01 001 Xrd: GoToAnotherServer: Going to: g26n19.hep.wisc.edu:31094
150808 18:53:01 001 Xrd: CheckErrorStatus: Server [cmsxrootd.hep.wisc.edu:1094] declared: session not found(error code: 3011)
150808 18:54:34 2904 Xrd: XrdClientMessage::ReadRaw: Failed to read header (8 bytes).
Warning in <TVector3::PseudoRapidity>: transvers momentum = 0! return +/- 10e10
150808 18:55:32 001 Xrd: GoToAnotherServer: Going to: g27n19.hep.wisc.edu:31094
150808 18:55:32 001 Xrd: CheckErrorStatus: Server [144.92.181.17:1094] declared: session not found(error code: 3011)
150808 18:55:33 2904 Xrd: XrdClientMessage::ReadRaw: Failed to read header (8 bytes).
Warning in <TVector3::PseudoRapidity>: transvers momentum = 0! return +/- 10e10
Warning in <TVector3::PseudoRapidity>: transvers momentum = 0! return +/- 10e10
150808 18:56:29 001 Xrd: GoToAnotherServer: Going to: g26n26.hep.wisc.edu:31094
150808 18:57:04 2904 Xrd: XrdClientMessage::ReadRaw: Failed to read header (8 bytes).
150808 18:58:04 2904 Xrd: XrdClientMessage::ReadRaw: Failed to read header (8 bytes).
150808 18:58:15 001 Xrd: GoToAnotherServer: Going to: s15n10.hep.wisc.edu:31094
150808 18:58:15 001 Xrd: GoToAnotherServer: Going to: g14n17.hep.wisc.edu:31094
150808 18:59:26 001 Xrd: GoToAnotherServer: Going to: g19n11.hep.wisc.edu:31094
150808 18:59:26 001 Xrd: CheckErrorStatus: Server [144.92.181.17:1094] declared: session not found(error code: 3011)
Warning in <TVector3::PseudoRapidity>: transvers momentum = 0! return +/- 10e10
150808 19:00:31 001 Xrd: GoToAnotherServer: Going to: g26n29.hep.wisc.edu:31094
150808 19:00:34 2904 Xrd: XrdClientMessage::ReadRaw: Failed to read header (8 bytes).
Warning in <TVector3::PseudoRapidity>: transvers momentum = 0! return +/- 10e10
150808 19:01:14 001 Xrd: GoToAnotherServer: Going to: g19n15.hep.wisc.edu:31094
150808 19:01:34 2904 Xrd: XrdClientMessage::ReadRaw: Failed to read header (8 bytes).
150808 19:02:04 001 Xrd: GoToAnotherServer: Going to: s15n03.hep.wisc.edu:31094
150808 19:02:04 001 Xrd: GoToAnotherServer: Going to: g12n13.hep.wisc.edu:31094
150808 19:02:57 001 Xrd: GoToAnotherServer: Going to: g19n23.hep.wisc.edu:31094
150808 19:03:04 2904 Xrd: XrdClientMessage::ReadRaw: Failed to read header (8 bytes).
150808 19:03:34 2904 Xrd: XrdClientMessage::ReadRaw: Failed to read header (8 bytes).
150808 19:03:44 001 Xrd: GoToAnotherServer: Going to: g26n26.hep.wisc.edu:31094
150808 19:03:44 001 Xrd: CheckErrorStatus: Server [144.92.181.17:1094] declared: session not found(error code: 3011)
150808 19:04:32 001 Xrd: GoToAnotherServer: Going to: g18n25.hep.wisc.edu:31094
150808 19:04:33 2904 Xrd: XrdClientMessage::ReadRaw: Failed to read header (8 bytes).
Warning in <TVector3::PseudoRapidity>: transvers momentum = 0! return +/- 10e10
150808 19:05:16 001 Xrd: GoToAnotherServer: Going to: s15n01.hep.wisc.edu:31094
150808 19:05:16 001 Xrd: GoToAnotherServer: Going to: g12n19.hep.wisc.edu:31094
150808 19:05:34 2904 Xrd: XrdClientMessage::ReadRaw: Failed to read header (8 bytes).
150808 19:06:34 2904 Xrd: XrdClientMessage::ReadRaw: Failed to read header (8 bytes).
Warning in <TVector3::PseudoRapidity>: transvers momentum = 0! return +/- 10e10
150808 19:06:44 001 Xrd: GoToAnotherServer: Going to: g18n23.hep.wisc.edu:31094
150808 19:07:34 2904 Xrd: XrdClientMessage::ReadRaw: Failed to read header (8 bytes).
150808 19:07:41 001 Xrd: GoToAnotherServer: Going to: g23n04.hep.wisc.edu:31094
Warning in <TVector3::PseudoRapidity>: transvers momentum = 0! return +/- 10e10
Warning in <TVector3::PseudoRapidity>: transvers momentum = 0! return +/- 10e10
150808 19:08:04 2904 Xrd: XrdClientMessage::ReadRaw: Failed to read header (8 bytes).
150808 19:08:31 001 Xrd: GoToAnotherServer: Going to: g26n20.hep.wisc.edu:31094
150808 19:09:04 2904 Xrd: XrdClientMessage::ReadRaw: Failed to read header (8 bytes).
150808 19:09:15 001 Xrd: GoToAnotherServer: Going to: g23n13.hep.wisc.edu:31094
150808 19:09:34 2904 Xrd: XrdClientMessage::ReadRaw: Failed to read header (8 bytes).
150808 19:10:07 001 Xrd: GoToAnotherServer: Going to: s15n09.hep.wisc.edu:31094
150808 19:10:07 001 Xrd: GoToAnotherServer: Going to: g19n02.hep.wisc.edu:31094
150808 19:10:34 2904 Xrd: XrdClientMessage::ReadRaw: Failed to read header (8 bytes).
150808 19:10:51 001 Xrd: GoToAnotherServer: Going to: g23n03.hep.wisc.edu:31094
Warning in <TVector3::PseudoRapidity>: transvers momentum = 0! return +/- 10e10
150808 19:11:42 001 Xrd: GoToAnotherServer: Going to: g26n25.hep.wisc.edu:31094
150808 19:11:42 001 Xrd: CheckErrorStatus: Server [cmsxrootd.hep.wisc.edu:1094] declared: session not found(error code: 3011)
Warning in <TVector3::PseudoRapidity>: transvers momentum = 0! return +/- 10e10
150808 19:12:04 2904 Xrd: XrdClientMessage::ReadRaw: Failed to read header (8 bytes).
150808 19:12:29 001 Xrd: GoToAnotherServer: Going to: g26n19.hep.wisc.edu:31094
150808 19:12:29 001 Xrd: CheckErrorStatus: Server [144.92.181.17:1094] declared: session not found(error code: 3011)
150808 19:13:04 2904 Xrd: XrdClientMessage::ReadRaw: Failed to read header (8 bytes).
Warning in <TVector3::PseudoRapidity>: transvers momentum = 0! return +/- 10e10
Warning in <TVector3::PseudoRapidity>: transvers momentum = 0! return +/- 10e10
150808 19:13:16 001 Xrd: GoToAnotherServer: Going to: g18n23.hep.wisc.edu:31094
150808 19:13:16 001 Xrd: CheckErrorStatus: Server [144.92.181.17:1094] declared: session not found(error code: 3011)
150808 19:13:34 2904 Xrd: XrdClientMessage::ReadRaw: Failed to read header (8 bytes).
150808 19:14:09 001 Xrd: GoToAnotherServer: Going to: g27n08.hep.wisc.edu:31094
150808 19:14:09 001 Xrd: CheckErrorStatus: Server [cmsxrootd.hep.wisc.edu:1094] declared: session not found(error code: 3011)
150808 19:14:34 2904 Xrd: XrdClientMessage::ReadRaw: Failed to read header (8 bytes).
Warning in <TVector3::PseudoRapidity>: transvers momentum = 0! return +/- 10e10
150808 19:14:52 001 Xrd: GoToAnotherServer: Going to: g18n25.hep.wisc.edu:31094
150808 19:14:52 001 Xrd: CheckErrorStatus: Server [144.92.181.17:1094] declared: session not found(error code: 3011)
150808 19:15:35 2904 Xrd: XrdClientMessage::ReadRaw: Failed to read header (8 bytes).
150808 19:15:38 001 Xrd: GoToAnotherServer: Going to: g26n14.hep.wisc.edu:31094
150808 19:15:38 001 Xrd: CheckErrorStatus: Server [144.92.181.17:1094] declared: session not found(error code: 3011)
Warning in <TVector3::PseudoRapidity>: transvers momentum = 0! return +/- 10e10
Warning in <TVector3::PseudoRapidity>: transvers momentum = 0! return +/- 10e10
150808 19:16:04 2904 Xrd: XrdClientMessage::ReadRaw: Failed to read header (8 bytes).
Warning in <TVector3::PseudoRapidity>: transvers momentum = 0! return +/- 10e10
150808 19:16:21 001 Xrd: GoToAnotherServer: Going to: g23n04.hep.wisc.edu:31094
150808 19:16:21 001 Xrd: CheckErrorStatus: Server [144.92.181.17:1094] declared: session not found(error code: 3011)
150808 19:17:04 2904 Xrd: XrdClientMessage::ReadRaw: Failed to read header (8 bytes).
150808 19:17:11 001 Xrd: GoToAnotherServer: Going to: g23n03.hep.wisc.edu:31094
150808 19:17:11 001 Xrd: CheckErrorStatus: Server [144.92.181.17:1094] declared: session not found(error code: 3011)
150808 19:17:34 2904 Xrd: XrdClientMessage::ReadRaw: Failed to read header (8 bytes).
150808 19:18:00 001 Xrd: GoToAnotherServer: Going to: g18n26.hep.wisc.edu:31094
150808 19:18:00 001 Xrd: CheckErrorStatus: Server [cmsxrootd.hep.wisc.edu:1094] declared: session not found(error code: 3011)
150808 19:18:34 2904 Xrd: XrdClientMessage::ReadRaw: Failed to read header (8 bytes).
150808 19:18:34 2904 Xrd: XrdClientMessage::ReadRaw: Failed to read header (8 bytes).
150808 19:18:51 001 Xrd: GoToAnotherServer: Going to: g18n12.hep.wisc.edu:31094
150808 19:18:51 001 Xrd: CheckErrorStatus: Server [cmsxrootd.hep.wisc.edu:1094] declared: session not found(error code: 3011)
150808 19:19:34 2904 Xrd: XrdClientMessage::ReadRaw: Failed to read header (8 bytes).
Warning in <TVector3::PseudoRapidity>: transvers momentum = 0! return +/- 10e10
150808 19:19:40 001 Xrd: GoToAnotherServer: Going to: g19n23.hep.wisc.edu:31094
150808 19:19:40 001 Xrd: CheckErrorStatus: Server [cmsxrootd.hep.wisc.edu:1094] declared: session not found(error code: 3011)
Warning in <TVector3::PseudoRapidity>: transvers momentum = 0! return +/- 10e10
150808 19:20:04 2904 Xrd: XrdClientMessage::ReadRaw: Failed to read header (8 bytes).
150808 19:20:32 001 Xrd: GoToAnotherServer: Going to: g26n30.hep.wisc.edu:31094
Warning in <TVector3::PseudoRapidity>: transvers momentum = 0! return +/- 10e10
150808 19:21:04 2904 Xrd: XrdClientMessage::ReadRaw: Failed to read header (8 bytes).
150808 19:21:16 001 Xrd: GoToAnotherServer: Going to: g27n13.hep.wisc.edu:31094
150808 19:21:34 2904 Xrd: XrdClientMessage::ReadRaw: Failed to read header (8 bytes).
Warning in <TVector3::PseudoRapidity>: transvers momentum = 0! return +/- 10e10
150808 19:22:05 001 Xrd: GoToAnotherServer: Going to: g27n09.hep.wisc.edu:31094
150808 19:22:05 001 Xrd: CheckErrorStatus: Server [144.92.181.17:1094] declared: session not found(error code: 3011)
150808 19:22:06 2904 Xrd: XrdClientMessage::ReadRaw: Failed to read header (8 bytes).
150808 19:22:34 2904 Xrd: XrdClientMessage::ReadRaw: Failed to read header (8 bytes).
150808 19:22:49 001 Xrd: GoToAnotherServer: Going to: g14n21.hep.wisc.edu:31094
150808 19:22:49 001 Xrd: CheckErrorStatus: Server [144.92.181.17:1094] declared: session not found(error code: 3011)
150808 19:23:04 2904 Xrd: XrdClientMessage::ReadRaw: Failed to read header (8 bytes).
150808 19:23:36 001 Xrd: GoToAnotherServer: Going to: g26n19.hep.wisc.edu:31094
150808 19:23:36 001 Xrd: CheckErrorStatus: Server [cmsxrootd.hep.wisc.edu:1094] declared: session not found(error code: 3011)
150808 19:24:04 2904 Xrd: XrdClientMessage::ReadRaw: Failed to read header (8 bytes).
150808 19:24:18 001 Xrd: GoToAnotherServer: Going to: g19n13.hep.wisc.edu:31094
150808 19:25:04 2904 Xrd: XrdClientMessage::ReadRaw: Failed to read header (8 bytes).
150808 19:25:06 001 Xrd: GoToAnotherServer: Going to: g27n15.hep.wisc.edu:31094
150808 19:25:06 001 Xrd: CheckErrorStatus: Server [cmsxrootd.hep.wisc.edu:1094] declared: session not found(error code: 3011)
Warning in <TVector3::PseudoRapidity>: transvers momentum = 0! return +/- 10e10
150808 19:25:34 2904 Xrd: XrdClientMessage::ReadRaw: Failed to read header (8 bytes).
150808 19:25:34 2904 Xrd: XrdClientMessage::ReadRaw: Failed to read header (8 bytes).
150808 19:25:50 001 Xrd: GoToAnotherServer: Going to: g27n08.hep.wisc.edu:31094
150808 19:25:50 001 Xrd: CheckErrorStatus: Server [144.92.181.17:1094] declared: session not found(error code: 3011)
150808 19:26:34 2904 Xrd: XrdClientMessage::ReadRaw: Failed to read header (8 bytes).
150808 19:26:42 001 Xrd: GoToAnotherServer: Going to: g27n05.hep.wisc.edu:31094
150808 19:27:06 001 Xrd: GoToAnotherServer: Going to: g18n12.hep.wisc.edu:31094
150808 19:27:06 001 Xrd: CheckErrorStatus: Server [cmsxrootd.hep.wisc.edu:1094] declared: session not found(error code: 3011)
150808 19:27:06 001 Xrd: GoToAnotherServer: Going to: g24n07.hep.wisc.edu:31094
150808 19:27:06 001 Xrd: GoToAnotherServer: Going to: g26n07.hep.wisc.edu:31094
150808 19:27:06 001 Xrd: CheckErrorStatus: Server [144.92.181.17:1094] declared: session not found(error code: 3011)
150808 19:27:06 001 Xrd: GoToAnotherServer: Going to: s15n03.hep.wisc.edu:31094
150808 19:27:06 001 Xrd: CheckErrorStatus: Server [144.92.181.17:1094] declared: session not found(error code: 3011)
150808 19:27:06 001 Xrd: GoToAnotherServer: Going to: g12n23.hep.wisc.edu:31094
150808 19:27:06 001 Xrd: GoToAnotherServer: Going to: s15n06.hep.wisc.edu:31094
150808 19:27:06 001 Xrd: GoToAnotherServer: Going to: g19n25.hep.wisc.edu:31094
150808 19:27:06 001 Xrd: GoToAnotherServer: Going to: s15n09.hep.wisc.edu:31094
150808 19:27:06 001 Xrd: GoToAnotherServer: Going to: g12n05.hep.wisc.edu:31094
150808 19:27:06 001 Xrd: GoToAnotherServer: Going to: s15n10.hep.wisc.edu:31094
150808 19:27:06 001 Xrd: CheckErrorStatus: Server [144.92.181.17:1094] declared: session not found(error code: 3011)
150808 19:27:06 001 Xrd: GoToAnotherServer: Going to: g14n17.hep.wisc.edu:31094
150808 19:27:06 001 Xrd: CheckErrorStatus: Server [s15n10.hep.wisc.edu:31094] declared: session not found(error code: 3011)
150808 19:27:06 001 Xrd: GoToAnotherServer: Going to: s15n08.hep.wisc.edu:31094
150808 19:27:06 001 Xrd: GoToAnotherServer: Going to: g27n12.hep.wisc.edu:31094
150808 19:27:07 001 Xrd: GoToAnotherServer: Going to: s15n02.hep.wisc.edu:31094
150808 19:27:07 001 Xrd: CheckErrorStatus: Server [cmsxrootd.hep.wisc.edu:1094] declared: session not found(error code: 3011)
150808 19:27:07 001 Xrd: GoToAnotherServer: Going to: g14n06.hep.wisc.edu:31094
150808 19:27:07 001 Xrd: CheckErrorStatus: Server [s15n02.hep.wisc.edu:31094] declared: session not found(error code: 3011)
150808 19:27:07 001 Xrd: GoToAnotherServer: Going to: s15n01.hep.wisc.edu:31094
150808 19:27:07 001 Xrd: CheckErrorStatus: Server [144.92.181.17:1094] declared: session not found(error code: 3011)
150808 19:27:07 001 Xrd: GoToAnotherServer: Going to: g12n17.hep.wisc.edu:31094
150808 19:27:07 001 Xrd: GoToAnotherServer: Going to: s15n04.hep.wisc.edu:31094
150808 19:27:07 001 Xrd: GoToAnotherServer: Going to: g10n24.hep.wisc.edu:31094
150808 19:27:07 001 Xrd: GoToAnotherServer: Going to: s15n05.hep.wisc.edu:31094
150808 19:27:07 001 Xrd: GoToAnotherServer: Going to: g27n29.hep.wisc.edu:31094
150808 19:27:07 001 Xrd: GoToAnotherServer: Going to: g26n19.hep.wisc.edu:31094
150808 19:27:07 001 Xrd: GoToAnotherServer: Going to: g27n27.hep.wisc.edu:31094
150808 19:27:07 001 Xrd: CheckErrorStatus: Server [cmsxrootd.hep.wisc.edu:1094] declared: session not found(error code: 3011)
150808 19:27:07 001 Xrd: GoToAnotherServer: Going to: g26n30.hep.wisc.edu:31094
150808 19:27:07 001 Xrd: CheckErrorStatus: Server [144.92.181.17:1094] declared: session not found(error code: 3011)
150808 19:27:08 001 Xrd: GoToAnotherServer: Going to: g26n29.hep.wisc.edu:31094
150808 19:27:08 001 Xrd: CheckErrorStatus: Server [144.92.181.17:1094] declared: session not found(error code: 3011)
150808 19:27:08 001 Xrd: GoToAnotherServer: Going to: g27n08.hep.wisc.edu:31094
150808 19:27:08 001 Xrd: GoToAnotherServer: Going to: g23n13.hep.wisc.edu:31094
150808 19:27:08 001 Xrd: CheckErrorStatus: Server [cmsxrootd.hep.wisc.edu:1094] declared: session not found(error code: 3011)
150808 19:27:08 001 Xrd: GoToAnotherServer: Going to: g27n25.hep.wisc.edu:31094
150808 19:27:08 001 Xrd: GoToAnotherServer: Going to: g19n24.hep.wisc.edu:31094
150808 19:27:08 001 Xrd: CheckErrorStatus: Server [144.92.181.17:1094] declared: session not found(error code: 3011)
150808 19:27:08 001 Xrd: GoToAnotherServer: Going to: g27n13.hep.wisc.edu:31094
150808 19:27:08 001 Xrd: CheckErrorStatus: Server [cmsxrootd.hep.wisc.edu:1094] declared: session not found(error code: 3011)
150808 19:27:08 001 Xrd: GoToAnotherServer: Going to: g14n21.hep.wisc.edu:31094
150808 19:27:08 001 Xrd: GoToAnotherServer: Going to: g19n11.hep.wisc.edu:31094
150808 19:27:08 001 Xrd: CheckErrorStatus: Server [cmsxrootd.hep.wisc.edu:1094] declared: session not found(error code: 3011)
150808 19:27:08 001 Xrd: GoToAnotherServer: Going to: g26n26.hep.wisc.edu:31094
150808 19:27:08 001 Xrd: CheckErrorStatus: Server [144.92.181.17:1094] declared: session not found(error code: 3011)
150808 19:27:08 001 Xrd: GoToAnotherServer: Going to: g19n07.hep.wisc.edu:31094
150808 19:27:08 001 Xrd: CheckErrorStatus: Server [144.92.181.17:1094] declared: session not found(error code: 3011)
150808 19:27:08 001 Xrd: GoToAnotherServer: Going to: g26n18.hep.wisc.edu:31094
150808 19:27:09 001 Xrd: GoToAnotherServer: Going to: g27n19.hep.wisc.edu:31094
terminate called after throwing an instance of 'St9bad_alloc'
  what():  std::bad_alloc
