WARNING: In non-interactive mode release checks e.g. deprecated releases, production architectures are disabled.
Using grid catalog type: UNKNOWN
Using grid catalog : (null)
VO name: cms
Checksum type: None
Trying SURL srm://cmssrm2.hep.wisc.edu:8443/srm/v2/server?SFN=/hdfs/HighReplicaCondorUserFiles//nfs_scratch/tperry/Bastille_wbb-W1Jet_EESDown_callHistoFiller/user_code.tgz ...
Source SE type: SRMv2
Source SRM Request Token: get:331089
Source URL: srm://cmssrm2.hep.wisc.edu:8443/srm/v2/server?SFN=/hdfs/HighReplicaCondorUserFiles//nfs_scratch/tperry/Bastille_wbb-W1Jet_EESDown_callHistoFiller/user_code.tgz
File size: 69521204
Source URL for copy: gsiftp://g14n27.hep.wisc.edu//hdfs/HighReplicaCondorUserFiles/nfs_scratch/tperry/Bastille_wbb-W1Jet_EESDown_callHistoFiller/user_code.tgz
Destination URL: file:/var/condor/execute/dir_11390/user_code.tgz
# streams: 1
            0 bytes      0.00 KB/sec avg      0.00 KB/sec inst
            0 bytes      0.00 KB/sec avg      0.00 KB/sec inst
      6291456 bytes   3071.84 KB/sec avg   3071.84 KB/sec inst
      6291456 bytes   3071.84 KB/sec avg   3071.84 KB/sec inst
      6291456 bytes   3071.84 KB/sec avg   3071.84 KB/sec inst

Transfer took 4010 ms
Info in <TUnixSystem::ACLiC>: creating shared library /var/condor/execute/dir_11390/./histoFiller_C.so
In file included from /var/condor/execute/dir_11390/./histoFiller.C:2:0,
                 from /var/condor/execute/dir_11390/histoFiller_C_ACLiC_dict.h:34,
                 from /var/condor/execute/dir_11390/histoFiller_C_ACLiC_dict.cxx:17:
/var/condor/execute/dir_11390/./histoFiller.h:1881:8: warning: unused parameter 'lep_pt' [-Wunused-parameter]
/var/condor/execute/dir_11390/./histoFiller.h:1881:8: warning: unused parameter 'lep_eta' [-Wunused-parameter]
/var/condor/execute/dir_11390/./histoFiller.h:1881:8: warning: unused parameter 'lep_phi' [-Wunused-parameter]
/var/condor/execute/dir_11390/./histoFiller.h:1881:8: warning: unused parameter 'lep_mass' [-Wunused-parameter]
/var/condor/execute/dir_11390/./histoFiller.h:1881:8: warning: unused parameter 'dilep_pt' [-Wunused-parameter]
/var/condor/execute/dir_11390/./histoFiller.h:1881:8: warning: unused parameter 'dilep_eta' [-Wunused-parameter]
/var/condor/execute/dir_11390/./histoFiller.h:1881:8: warning: unused parameter 'dilep_phi' [-Wunused-parameter]
/var/condor/execute/dir_11390/./histoFiller.h:1881:8: warning: unused parameter 'dilep_mass' [-Wunused-parameter]
Error in <TChain::AddFile>: No file name; no files connected
150808 18:13:08 001 Xrd: GoToAnotherServer: Going to: g20n04.hep.wisc.edu:31094
Warning in <TVector3::PseudoRapidity>: transvers momentum = 0! return +/- 10e10
150808 18:13:58 001 Xrd: GoToAnotherServer: Going to: g26n20.hep.wisc.edu:31094
150808 18:15:34 001 Xrd: GoToAnotherServer: Going to: g27n25.hep.wisc.edu:31094
150808 18:16:45 001 Xrd: GoToAnotherServer: Going to: s15n09.hep.wisc.edu:31094
150808 18:16:45 001 Xrd: GoToAnotherServer: Going to: g19n02.hep.wisc.edu:31094
150808 18:17:59 001 Xrd: GoToAnotherServer: Going to: g19n15.hep.wisc.edu:31094
150808 18:19:05 001 Xrd: GoToAnotherServer: Going to: g19n10.hep.wisc.edu:31094
150808 18:19:06 12535 Xrd: XrdClientMessage::ReadRaw: Failed to read header (8 bytes).
150808 18:20:24 001 Xrd: GoToAnotherServer: Going to: s15n10.hep.wisc.edu:31094
150808 18:20:24 001 Xrd: GoToAnotherServer: Going to: g14n17.hep.wisc.edu:31094
150808 18:20:38 12535 Xrd: XrdClientMessage::ReadRaw: Failed to read header (8 bytes).
150808 18:21:21 001 Xrd: GoToAnotherServer: Going to: g23n03.hep.wisc.edu:31094
150808 18:22:09 12535 Xrd: XrdClientMessage::ReadRaw: Failed to read header (8 bytes).
150808 18:22:17 001 Xrd: GoToAnotherServer: Going to: s15n04.hep.wisc.edu:31094
150808 18:22:17 001 Xrd: GoToAnotherServer: Going to: g26n12.hep.wisc.edu:31094
150808 18:23:09 12535 Xrd: XrdClientMessage::ReadRaw: Failed to read header (8 bytes).
150808 18:23:43 001 Xrd: GoToAnotherServer: Going to: g26n14.hep.wisc.edu:31094
150808 18:24:08 12535 Xrd: XrdClientMessage::ReadRaw: Failed to read header (8 bytes).
150808 18:24:41 001 Xrd: GoToAnotherServer: Going to: g26n03.hep.wisc.edu:31094
150808 18:25:38 12535 Xrd: XrdClientMessage::ReadRaw: Failed to read header (8 bytes).
150808 18:26:04 001 Xrd: GoToAnotherServer: Going to: g18n23.hep.wisc.edu:31094
150808 18:26:38 12535 Xrd: XrdClientMessage::ReadRaw: Failed to read header (8 bytes).
Warning in <TVector3::PseudoRapidity>: transvers momentum = 0! return +/- 10e10
150808 18:27:38 12535 Xrd: XrdClientMessage::ReadRaw: Failed to read header (8 bytes).
150808 18:27:39 001 Xrd: GoToAnotherServer: Going to: g18n25.hep.wisc.edu:31094
150808 18:29:08 12535 Xrd: XrdClientMessage::ReadRaw: Failed to read header (8 bytes).
150808 18:29:16 001 Xrd: GoToAnotherServer: Going to: s15n05.hep.wisc.edu:31094
150808 18:29:16 001 Xrd: GoToAnotherServer: Going to: g26n10.hep.wisc.edu:31094
150808 18:30:08 12535 Xrd: XrdClientMessage::ReadRaw: Failed to read header (8 bytes).
150808 18:30:19 001 Xrd: GoToAnotherServer: Going to: g18n23.hep.wisc.edu:31094
Warning in <TVector3::PseudoRapidity>: transvers momentum = 0! return +/- 10e10
150808 18:31:08 12535 Xrd: XrdClientMessage::ReadRaw: Failed to read header (8 bytes).
150808 18:31:11 001 Xrd: GoToAnotherServer: Going to: s15n05.hep.wisc.edu:31094
150808 18:31:11 001 Xrd: GoToAnotherServer: Going to: g14n22.hep.wisc.edu:31094
150808 18:32:14 001 Xrd: GoToAnotherServer: Going to: g27n07.hep.wisc.edu:31094
150808 18:33:06 001 Xrd: GoToAnotherServer: Going to: g14n21.hep.wisc.edu:31094
150808 18:34:05 001 Xrd: GoToAnotherServer: Going to: g27n15.hep.wisc.edu:31094
150808 18:34:38 12535 Xrd: XrdClientMessage::ReadRaw: Failed to read header (8 bytes).
150808 18:35:02 001 Xrd: GoToAnotherServer: Going to: g18n26.hep.wisc.edu:31094
150808 18:35:38 12535 Xrd: XrdClientMessage::ReadRaw: Failed to read header (8 bytes).
150808 18:36:03 001 Xrd: GoToAnotherServer: Going to: g24n09.hep.wisc.edu:31094
150808 18:36:38 12535 Xrd: XrdClientMessage::ReadRaw: Failed to read header (8 bytes).
150808 18:37:04 001 Xrd: GoToAnotherServer: Going to: g26n28.hep.wisc.edu:31094
150808 18:37:05 12535 Xrd: XrdClientMessage::ReadRaw: Failed to read header (8 bytes).
150808 18:37:38 12535 Xrd: XrdClientMessage::ReadRaw: Failed to read header (8 bytes).
150808 18:38:07 001 Xrd: GoToAnotherServer: Going to: g27n25.hep.wisc.edu:31094
150808 18:38:07 001 Xrd: CheckErrorStatus: Server [cmsxrootd.hep.wisc.edu:1094] declared: session not found(error code: 3011)
150808 18:38:08 12535 Xrd: XrdClientMessage::ReadRaw: Failed to read header (8 bytes).
150808 18:38:59 001 Xrd: GoToAnotherServer: Going to: g18n13.hep.wisc.edu:31094
150808 18:39:08 12535 Xrd: XrdClientMessage::ReadRaw: Failed to read header (8 bytes).
150808 18:40:08 12535 Xrd: XrdClientMessage::ReadRaw: Failed to read header (8 bytes).
150808 18:40:08 001 Xrd: GoToAnotherServer: Going to: g19n10.hep.wisc.edu:31094
150808 18:40:08 001 Xrd: CheckErrorStatus: Server [144.92.181.17:1094] declared: session not found(error code: 3011)
150808 18:40:38 12535 Xrd: XrdClientMessage::ReadRaw: Failed to read header (8 bytes).
Warning in <TVector3::PseudoRapidity>: transvers momentum = 0! return +/- 10e10
150808 18:41:08 12535 Xrd: XrdClientMessage::ReadRaw: Failed to read header (8 bytes).
150808 18:41:22 001 Xrd: GoToAnotherServer: Going to: g26n19.hep.wisc.edu:31094
150808 18:42:08 12535 Xrd: XrdClientMessage::ReadRaw: Failed to read header (8 bytes).
150808 18:42:38 12535 Xrd: XrdClientMessage::ReadRaw: Failed to read header (8 bytes).
150808 18:42:55 001 Xrd: GoToAnotherServer: Going to: s15n09.hep.wisc.edu:31094
150808 18:42:55 001 Xrd: CheckErrorStatus: Server [cmsxrootd.hep.wisc.edu:1094] declared: session not found(error code: 3011)
150808 18:42:55 001 Xrd: GoToAnotherServer: Going to: g12n05.hep.wisc.edu:31094
150808 18:43:08 12535 Xrd: XrdClientMessage::ReadRaw: Failed to read header (8 bytes).
150808 18:43:59 001 Xrd: GoToAnotherServer: Going to: g18n02.hep.wisc.edu:31094
150808 18:44:08 12535 Xrd: XrdClientMessage::ReadRaw: Failed to read header (8 bytes).
150808 18:44:59 001 Xrd: GoToAnotherServer: Going to: g26n20.hep.wisc.edu:31094
150808 18:44:59 001 Xrd: CheckErrorStatus: Server [cmsxrootd.hep.wisc.edu:1094] declared: session not found(error code: 3011)
150808 18:45:38 12535 Xrd: XrdClientMessage::ReadRaw: Failed to read header (8 bytes).
Warning in <TVector3::PseudoRapidity>: transvers momentum = 0! return +/- 10e10
150808 18:46:07 001 Xrd: GoToAnotherServer: Going to: g19n10.hep.wisc.edu:31094
150808 18:47:31 001 Xrd: GoToAnotherServer: Going to: g19n15.hep.wisc.edu:31094
150808 18:47:31 001 Xrd: CheckErrorStatus: Server [cmsxrootd.hep.wisc.edu:1094] declared: session not found(error code: 3011)
150808 18:48:08 12535 Xrd: XrdClientMessage::ReadRaw: Failed to read header (8 bytes).
150808 18:48:39 001 Xrd: GoToAnotherServer: Going to: g19n23.hep.wisc.edu:31094
150808 18:49:08 12535 Xrd: XrdClientMessage::ReadRaw: Failed to read header (8 bytes).
150808 18:50:08 12535 Xrd: XrdClientMessage::ReadRaw: Failed to read header (8 bytes).
150808 18:51:08 12535 Xrd: XrdClientMessage::ReadRaw: Failed to read header (8 bytes).
150808 18:51:38 12535 Xrd: XrdClientMessage::ReadRaw: Failed to read header (8 bytes).
Warning in <TVector3::PseudoRapidity>: transvers momentum = 0! return +/- 10e10
150808 18:52:31 001 Xrd: GoToAnotherServer: Going to: g26n20.hep.wisc.edu:31094
150808 18:52:31 001 Xrd: CheckErrorStatus: Server [cmsxrootd.hep.wisc.edu:1094] declared: session not found(error code: 3011)
150808 18:52:38 12535 Xrd: XrdClientMessage::ReadRaw: Failed to read header (8 bytes).
150808 18:53:49 001 Xrd: GoToAnotherServer: Going to: g27n05.hep.wisc.edu:31094
150808 18:53:50 12535 Xrd: XrdClientMessage::ReadRaw: Failed to read header (8 bytes).
150808 18:54:42 001 Xrd: GoToAnotherServer: Going to: g18n22.hep.wisc.edu:31094
150808 18:56:01 001 Xrd: GoToAnotherServer: Going to: g27n07.hep.wisc.edu:31094
150808 18:56:01 001 Xrd: CheckErrorStatus: Server [cmsxrootd.hep.wisc.edu:1094] declared: session not found(error code: 3011)
150808 18:57:36 001 Xrd: GoToAnotherServer: Going to: g26n25.hep.wisc.edu:31094
150808 18:57:36 12535 Xrd: XrdClientMessage::ReadRaw: Failed to read header (8 bytes).
Warning in <TVector3::PseudoRapidity>: transvers momentum = 0! return +/- 10e10
150808 18:58:40 001 Xrd: GoToAnotherServer: Going to: g23n13.hep.wisc.edu:31094
150808 18:59:08 12535 Xrd: XrdClientMessage::ReadRaw: Failed to read header (8 bytes).
150808 18:59:53 001 Xrd: GoToAnotherServer: Going to: g18n04.hep.wisc.edu:31094
150808 18:59:54 12535 Xrd: XrdClientMessage::ReadRaw: Failed to read header (8 bytes).
150808 19:00:50 001 Xrd: GoToAnotherServer: Going to: g27n25.hep.wisc.edu:31094
150808 19:00:50 001 Xrd: CheckErrorStatus: Server [144.92.181.17:1094] declared: session not found(error code: 3011)
150808 19:01:08 12535 Xrd: XrdClientMessage::ReadRaw: Failed to read header (8 bytes).
150808 19:01:20 001 Xrd: GoToAnotherServer: Going to: g23n12.hep.wisc.edu:31094
150808 19:01:20 001 Xrd: GoToAnotherServer: Going to: g18n13.hep.wisc.edu:31094
150808 19:01:20 001 Xrd: CheckErrorStatus: Server [cmsxrootd.hep.wisc.edu:1094] declared: session not found(error code: 3011)
150808 19:01:20 001 Xrd: GoToAnotherServer: Going to: g26n20.hep.wisc.edu:31094
150808 19:01:20 001 Xrd: CheckErrorStatus: Server [144.92.181.17:1094] declared: session not found(error code: 3011)
150808 19:01:20 001 Xrd: GoToAnotherServer: Going to: g26n14.hep.wisc.edu:31094
150808 19:01:20 001 Xrd: CheckErrorStatus: Server [cmsxrootd.hep.wisc.edu:1094] declared: session not found(error code: 3011)
150808 19:01:20 001 Xrd: GoToAnotherServer: Going to: g18n12.hep.wisc.edu:31094
150808 19:01:20 001 Xrd: GoToAnotherServer: Going to: g26n07.hep.wisc.edu:31094
150808 19:01:20 001 Xrd: GoToAnotherServer: Going to: s15n03.hep.wisc.edu:31094
150808 19:01:20 001 Xrd: GoToAnotherServer: Going to: g12n07.hep.wisc.edu:31094
150808 19:01:21 001 Xrd: GoToAnotherServer: Going to: s15n09.hep.wisc.edu:31094
150808 19:01:21 001 Xrd: GoToAnotherServer: Going to: g19n02.hep.wisc.edu:31094
150808 19:01:21 001 Xrd: CheckErrorStatus: Server [s15n09.hep.wisc.edu:31094] declared: session not found(error code: 3011)
150808 19:01:21 001 Xrd: GoToAnotherServer: Going to: s15n10.hep.wisc.edu:31094
150808 19:01:21 001 Xrd: CheckErrorStatus: Server [cmsxrootd.hep.wisc.edu:1094] declared: session not found(error code: 3011)
150808 19:01:21 001 Xrd: GoToAnotherServer: Going to: g14n17.hep.wisc.edu:31094
150808 19:01:21 001 Xrd: CheckErrorStatus: Server [s15n10.hep.wisc.edu:31094] declared: session not found(error code: 3011)
150808 19:01:21 001 Xrd: GoToAnotherServer: Going to: s15n08.hep.wisc.edu:31094
150808 19:01:21 001 Xrd: GoToAnotherServer: Going to: g24n10.hep.wisc.edu:31094
150808 19:01:21 001 Xrd: GoToAnotherServer: Going to: s15n02.hep.wisc.edu:31094
150808 19:01:21 001 Xrd: GoToAnotherServer: Going to: g18n05.hep.wisc.edu:31094
150808 19:01:21 001 Xrd: GoToAnotherServer: Going to: s15n01.hep.wisc.edu:31094
150808 19:01:21 001 Xrd: GoToAnotherServer: Going to: g14n15.hep.wisc.edu:31094
150808 19:01:21 001 Xrd: GoToAnotherServer: Going to: g26n19.hep.wisc.edu:31094
150808 19:01:21 001 Xrd: CheckErrorStatus: Server [cmsxrootd.hep.wisc.edu:1094] declared: session not found(error code: 3011)
150808 19:01:21 001 Xrd: GoToAnotherServer: Going to: g27n27.hep.wisc.edu:31094
150808 19:01:21 001 Xrd: GoToAnotherServer: Going to: g26n30.hep.wisc.edu:31094
150808 19:01:21 001 Xrd: GoToAnotherServer: Going to: g26n29.hep.wisc.edu:31094
150808 19:01:21 001 Xrd: GoToAnotherServer: Going to: g27n08.hep.wisc.edu:31094
150808 19:01:21 001 Xrd: GoToAnotherServer: Going to: g23n13.hep.wisc.edu:31094
150808 19:01:21 001 Xrd: GoToAnotherServer: Going to: g27n13.hep.wisc.edu:31094
150808 19:01:21 001 Xrd: GoToAnotherServer: Going to: g14n21.hep.wisc.edu:31094
150808 19:01:21 001 Xrd: CheckErrorStatus: Server [cmsxrootd.hep.wisc.edu:1094] declared: session not found(error code: 3011)
150808 19:01:22 001 Xrd: GoToAnotherServer: Going to: g19n11.hep.wisc.edu:31094
150808 19:01:22 001 Xrd: GoToAnotherServer: Going to: g19n07.hep.wisc.edu:31094
150808 19:01:22 001 Xrd: GoToAnotherServer: Going to: g26n17.hep.wisc.edu:31094
150808 19:01:22 001 Xrd: GoToAnotherServer: Going to: g24n09.hep.wisc.edu:31094
150808 19:01:22 001 Xrd: CheckErrorStatus: Server [144.92.181.17:1094] declared: session not found(error code: 3011)
150808 19:01:22 001 Xrd: GoToAnotherServer: Going to: g18n02.hep.wisc.edu:31094
150808 19:01:22 001 Xrd: CheckErrorStatus: Server [cmsxrootd.hep.wisc.edu:1094] declared: session not found(error code: 3011)
150808 19:01:22 001 Xrd: GoToAnotherServer: Going to: g23n03.hep.wisc.edu:31094
150808 19:01:22 001 Xrd: CheckErrorStatus: Server [144.92.181.17:1094] declared: session not found(error code: 3011)
150808 19:01:22 001 Xrd: GoToAnotherServer: Going to: g20n04.hep.wisc.edu:31094
150808 19:01:22 001 Xrd: CheckErrorStatus: Server [cmsxrootd.hep.wisc.edu:1094] declared: session not found(error code: 3011)
150808 19:01:22 001 Xrd: GoToAnotherServer: Going to: g19n28.hep.wisc.edu:31094
150808 19:01:22 001 Xrd: GoToAnotherServer: Going to: g19n23.hep.wisc.edu:31094
150808 19:01:22 001 Xrd: CheckErrorStatus: Server [cmsxrootd.hep.wisc.edu:1094] declared: session not found(error code: 3011)
150808 19:01:22 001 Xrd: GoToAnotherServer: Going to: g19n13.hep.wisc.edu:31094
150808 19:01:22 001 Xrd: GoToAnotherServer: Going to: g19n08.hep.wisc.edu:31094
terminate called after throwing an instance of 'St9bad_alloc'
  what():  std::bad_alloc
